# JRE version: Java(TM) SE Runtime Environment (8.0_172-b11) (build 1.8.0_172-b11)
# Java VM: Java HotSpot(TM) 64-Bit Server VM (25.172-b11 mixed mode windows-amd64 compressed oops)
Heap:
 garbage-first heap   total 567296K, used 49664K [0x00000000c0000000, 0x00000000c0101150, 0x0000000100000000)
  region size 1024K, 9 young (9216K), 4 survivors (4096K)
 Metaspace       used 47096K, capacity 49874K, committed 50048K, reserved 1093632K
  class space    used 4805K, capacity 5667K, committed 5760K, reserved 1048576K
GC Heap History (10 events):
Event: 9389.147 GC heap before
{Heap before GC invocations=269 (full 0):
 garbage-first heap   total 73728K, used 33640K [0x00000000c0000000, 0x00000000c0100240, 0x0000000100000000)
  region size 1024K, 7 young (7168K), 1 survivors (1024K)
 Metaspace       used 46916K, capacity 49676K, committed 50048K, reserved 1093632K
  class space    used 4802K, capacity 5666K, committed 5760K, reserved 1048576K
Event: 9389.163 GC heap after
Heap after GC invocations=270 (full 0):
 garbage-first heap   total 147456K, used 26833K [0x00000000c0000000, 0x00000000c0100480, 0x0000000100000000)
  region size 1024K, 1 young (1024K), 1 survivors (1024K)
 Metaspace       used 46916K, capacity 49676K, committed 50048K, reserved 1093632K
  class space    used 4802K, capacity 5666K, committed 5760K, reserved 1048576K
}
Event: 9390.082 GC heap before
{Heap before GC invocations=270 (full 0):
 garbage-first heap   total 147456K, used 39121K [0x00000000c0000000, 0x00000000c0100480, 0x0000000100000000)
  region size 1024K, 13 young (13312K), 1 survivors (1024K)
 Metaspace       used 46941K, capacity 49740K, committed 50048K, reserved 1093632K
  class space    used 4802K, capacity 5666K, committed 5760K, reserved 1048576K
Event: 9390.110 GC heap after
Heap after GC invocations=271 (full 0):
 garbage-first heap   total 294912K, used 27157K [0x00000000c0000000, 0x00000000c0100900, 0x0000000100000000)
  region size 1024K, 1 young (1024K), 1 survivors (1024K)
 Metaspace       used 46941K, capacity 49740K, committed 50048K, reserved 1093632K
  class space    used 4802K, capacity 5666K, committed 5760K, reserved 1048576K
}
Event: 9392.172 GC heap before
{Heap before GC invocations=271 (full 0):
 garbage-first heap   total 294912K, used 46613K [0x00000000c0000000, 0x00000000c0100900, 0x0000000100000000)
  region size 1024K, 20 young (20480K), 1 survivors (1024K)
 Metaspace       used 47004K, capacity 49804K, committed 50048K, reserved 1093632K
  class space    used 4802K, capacity 5666K, committed 5760K, reserved 1048576K
Event: 9392.199 GC heap after
Heap after GC invocations=272 (full 0):
 garbage-first heap   total 446464K, used 29776K [0x00000000c0000000, 0x00000000c0100da0, 0x0000000100000000)
  region size 1024K, 3 young (3072K), 3 survivors (3072K)
 Metaspace       used 47004K, capacity 49804K, committed 50048K, reserved 1093632K
  class space    used 4802K, capacity 5666K, committed 5760K, reserved 1048576K
}
Event: 10705.116 GC heap before
{Heap before GC invocations=272 (full 0):
 garbage-first heap   total 446464K, used 56400K [0x00000000c0000000, 0x00000000c0100da0, 0x0000000100000000)
  region size 1024K, 29 young (29696K), 3 survivors (3072K)
 Metaspace       used 47056K, capacity 49810K, committed 50048K, reserved 1093632K
  class space    used 4802K, capacity 5667K, committed 5760K, reserved 1048576K
Event: 10705.699 GC heap after
Heap after GC invocations=273 (full 0):
 garbage-first heap   total 567296K, used 35193K [0x00000000c0000000, 0x00000000c0101150, 0x0000000100000000)
  region size 1024K, 4 young (4096K), 4 survivors (4096K)
 Metaspace       used 47056K, capacity 49810K, committed 50048K, reserved 1093632K
  class space    used 4802K, capacity 5667K, committed 5760K, reserved 1048576K
}
Event: 20562.844 GC heap before
{Heap before GC invocations=273 (full 0):
 garbage-first heap   total 567296K, used 58745K [0x00000000c0000000, 0x00000000c0101150, 0x0000000100000000)
  region size 1024K, 27 young (27648K), 4 survivors (4096K)
 Metaspace       used 47083K, capacity 49874K, committed 50048K, reserved 1093632K
  class space    used 4802K, capacity 5667K, committed 5760K, reserved 1048576K
Event: 20563.158 GC heap after
Heap after GC invocations=274 (full 0):
 garbage-first heap   total 567296K, used 45568K [0x00000000c0000000, 0x00000000c0101150, 0x0000000100000000)
  region size 1024K, 4 young (4096K), 4 survivors (4096K)
 Metaspace       used 47083K, capacity 49874K, committed 50048K, reserved 1093632K
  class space    used 4802K, capacity 5667K, committed 5760K, reserved 1048576K
}

